# JRE version: OpenJDK Runtime Environment Zulu17.58+21-CA (17.0.15+6) (build 17.0.15+6-LTS)
# Java VM: OpenJDK 64-Bit Server VM Zulu17.58+21-CA (17.0.15+6-LTS, mixed mode, sharing, tiered, compressed oops, compressed class ptrs, g1 gc, windows-amd64)
GC Precious Log:
 CPUs: 32 total, 32 available
 Memory: 65299M
 Large Page Support: Disabled
 NUMA Support: Disabled
 Compressed Oops: Enabled (Zero based)
 Heap Region Size: 8M
 Heap Min Capacity: 8M
 Heap Initial Capacity: 1G
 Heap Max Capacity: 16328M
 Pre-touch: Disabled
 Parallel Workers: 23
 Concurrent Workers: 6
 Concurrent Refinement Workers: 23
 Periodic GC: Disabled
Heap:
 garbage-first heap   total 278528K, used 112713K [0x0000000403800000, 0x0000000800000000)
  region size 8192K, 10 young (81920K), 2 survivors (16384K)
 Metaspace       used 101780K, committed 102464K, reserved 1179648K
  class space    used 13862K, committed 14144K, reserved 1048576K
GC Heap History (20 events):
Event: 10.971 GC heap before
{Heap before GC invocations=13 (full 0):
 garbage-first heap   total 114688K, used 74542K [0x0000000403800000, 0x0000000800000000)
  region size 8192K, 6 young (49152K), 1 survivors (8192K)
 Metaspace       used 68485K, committed 68992K, reserved 1114112K
  class space    used 9116K, committed 9408K, reserved 1048576K
}
Event: 10.974 GC heap after
{Heap after GC invocations=14 (full 0):
 garbage-first heap   total 114688K, used 36042K [0x0000000403800000, 0x0000000800000000)
  region size 8192K, 1 young (8192K), 1 survivors (8192K)
 Metaspace       used 68485K, committed 68992K, reserved 1114112K
  class space    used 9116K, committed 9408K, reserved 1048576K
}
Event: 11.443 GC heap before
{Heap before GC invocations=14 (full 0):
 garbage-first heap   total 114688K, used 77002K [0x0000000403800000, 0x0000000800000000)
  region size 8192K, 6 young (49152K), 1 survivors (8192K)
 Metaspace       used 74842K, committed 75456K, reserved 1179648K
  class space    used 10082K, committed 10368K, reserved 1048576K
}
Event: 11.445 GC heap after
{Heap after GC invocations=15 (full 0):
 garbage-first heap   total 114688K, used 37857K [0x0000000403800000, 0x0000000800000000)
  region size 8192K, 1 young (8192K), 1 survivors (8192K)
 Metaspace       used 74842K, committed 75456K, reserved 1179648K
  class space    used 10082K, committed 10368K, reserved 1048576K
}
Event: 12.027 GC heap before
{Heap before GC invocations=15 (full 0):
 garbage-first heap   total 114688K, used 70625K [0x0000000403800000, 0x0000000800000000)
  region size 8192K, 5 young (40960K), 1 survivors (8192K)
 Metaspace       used 80105K, committed 80704K, reserved 1179648K
  class space    used 10829K, committed 11136K, reserved 1048576K
}
Event: 12.029 GC heap after
{Heap after GC invocations=16 (full 0):
 garbage-first heap   total 114688K, used 40237K [0x0000000403800000, 0x0000000800000000)
  region size 8192K, 1 young (8192K), 1 survivors (8192K)
 Metaspace       used 80105K, committed 80704K, reserved 1179648K
  class space    used 10829K, committed 11136K, reserved 1048576K
}
Event: 12.281 GC heap before
{Heap before GC invocations=16 (full 0):
 garbage-first heap   total 114688K, used 73005K [0x0000000403800000, 0x0000000800000000)
  region size 8192K, 5 young (40960K), 1 survivors (8192K)
 Metaspace       used 83076K, committed 83648K, reserved 1179648K
  class space    used 11446K, committed 11712K, reserved 1048576K
}
Event: 12.284 GC heap after
{Heap after GC invocations=17 (full 0):
 garbage-first heap   total 114688K, used 42592K [0x0000000403800000, 0x0000000800000000)
  region size 8192K, 1 young (8192K), 1 survivors (8192K)
 Metaspace       used 83076K, committed 83648K, reserved 1179648K
  class space    used 11446K, committed 11712K, reserved 1048576K
}
Event: 12.483 GC heap before
{Heap before GC invocations=17 (full 0):
 garbage-first heap   total 114688K, used 75360K [0x0000000403800000, 0x0000000800000000)
  region size 8192K, 5 young (40960K), 1 survivors (8192K)
 Metaspace       used 84625K, committed 85248K, reserved 1179648K
  class space    used 11651K, committed 11968K, reserved 1048576K
}
Event: 12.486 GC heap after
{Heap after GC invocations=18 (full 0):
 garbage-first heap   total 114688K, used 43627K [0x0000000403800000, 0x0000000800000000)
  region size 8192K, 1 young (8192K), 1 survivors (8192K)
 Metaspace       used 84625K, committed 85248K, reserved 1179648K
  class space    used 11651K, committed 11968K, reserved 1048576K
}
Event: 12.677 GC heap before
{Heap before GC invocations=18 (full 0):
 garbage-first heap   total 114688K, used 76395K [0x0000000403800000, 0x0000000800000000)
  region size 8192K, 5 young (40960K), 1 survivors (8192K)
 Metaspace       used 85120K, committed 85760K, reserved 1179648K
  class space    used 11696K, committed 11968K, reserved 1048576K
}
Event: 12.679 GC heap after
{Heap after GC invocations=19 (full 0):
 garbage-first heap   total 114688K, used 46205K [0x0000000403800000, 0x0000000800000000)
  region size 8192K, 1 young (8192K), 1 survivors (8192K)
 Metaspace       used 85120K, committed 85760K, reserved 1179648K
  class space    used 11696K, committed 11968K, reserved 1048576K
}
Event: 12.813 GC heap before
{Heap before GC invocations=19 (full 0):
 garbage-first heap   total 114688K, used 78973K [0x0000000403800000, 0x0000000800000000)
  region size 8192K, 5 young (40960K), 1 survivors (8192K)
 Metaspace       used 85144K, committed 85760K, reserved 1179648K
  class space    used 11698K, committed 11968K, reserved 1048576K
}
Event: 12.815 GC heap after
{Heap after GC invocations=20 (full 0):
 garbage-first heap   total 114688K, used 45403K [0x0000000403800000, 0x0000000800000000)
  region size 8192K, 1 young (8192K), 1 survivors (8192K)
 Metaspace       used 85144K, committed 85760K, reserved 1179648K
  class space    used 11698K, committed 11968K, reserved 1048576K
}
Event: 12.911 GC heap before
{Heap before GC invocations=20 (full 0):
 garbage-first heap   total 114688K, used 78171K [0x0000000403800000, 0x0000000800000000)
  region size 8192K, 5 young (40960K), 1 survivors (8192K)
 Metaspace       used 85151K, committed 85760K, reserved 1179648K
  class space    used 11698K, committed 11968K, reserved 1048576K
}
Event: 12.913 GC heap after
{Heap after GC invocations=21 (full 0):
 garbage-first heap   total 114688K, used 44788K [0x0000000403800000, 0x0000000800000000)
  region size 8192K, 1 young (8192K), 1 survivors (8192K)
 Metaspace       used 85151K, committed 85760K, reserved 1179648K
  class space    used 11698K, committed 11968K, reserved 1048576K
}
Event: 13.161 GC heap before
{Heap before GC invocations=21 (full 0):
 garbage-first heap   total 114688K, used 69364K [0x0000000403800000, 0x0000000800000000)
  region size 8192K, 5 young (40960K), 1 survivors (8192K)
 Metaspace       used 89319K, committed 89920K, reserved 1179648K
  class space    used 12039K, committed 12288K, reserved 1048576K
}
Event: 13.165 GC heap after
{Heap after GC invocations=22 (full 0):
 garbage-first heap   total 581632K, used 46577K [0x0000000403800000, 0x0000000800000000)
  region size 8192K, 1 young (8192K), 1 survivors (8192K)
 Metaspace       used 89319K, committed 89920K, reserved 1179648K
  class space    used 12039K, committed 12288K, reserved 1048576K
}
Event: 15.054 GC heap before
{Heap before GC invocations=22 (full 0):
 garbage-first heap   total 581632K, used 210417K [0x0000000403800000, 0x0000000800000000)
  region size 8192K, 22 young (180224K), 1 survivors (8192K)
 Metaspace       used 100083K, committed 100800K, reserved 1179648K
  class space    used 13585K, committed 13952K, reserved 1048576K
}
Event: 15.060 GC heap after
{Heap after GC invocations=23 (full 0):
 garbage-first heap   total 581632K, used 55369K [0x0000000403800000, 0x0000000800000000)
  region size 8192K, 2 young (16384K), 2 survivors (16384K)
 Metaspace       used 100083K, committed 100800K, reserved 1179648K
  class space    used 13585K, committed 13952K, reserved 1048576K
}

