# JRE version: OpenJDK Runtime Environment Zulu17.58+21-CA (17.0.15+6) (build 17.0.15+6-LTS)
# Java VM: OpenJDK 64-Bit Server VM Zulu17.58+21-CA (17.0.15+6-LTS, mixed mode, sharing, tiered, compressed oops, compressed class ptrs, g1 gc, windows-amd64)
GC Precious Log:
 CPUs: 32 total, 32 available
 Memory: 65299M
 Large Page Support: Disabled
 NUMA Support: Disabled
 Compressed Oops: Enabled (Zero based)
 Heap Region Size: 8M
 Heap Min Capacity: 8M
 Heap Initial Capacity: 1G
 Heap Max Capacity: 16328M
 Pre-touch: Disabled
 Parallel Workers: 23
 Concurrent Workers: 6
 Concurrent Refinement Workers: 23
 Periodic GC: Disabled
Heap:
 garbage-first heap   total 303104K, used 94816K [0x0000000403800000, 0x0000000800000000)
  region size 8192K, 7 young (57344K), 2 survivors (16384K)
 Metaspace       used 100327K, committed 101056K, reserved 1179648K
  class space    used 13616K, committed 13952K, reserved 1048576K
GC Heap History (20 events):
Event: 10.326 GC heap before
{Heap before GC invocations=13 (full 0):
 garbage-first heap   total 114688K, used 74856K [0x0000000403800000, 0x0000000800000000)
  region size 8192K, 6 young (49152K), 1 survivors (8192K)
 Metaspace       used 68412K, committed 68992K, reserved 1114112K
  class space    used 9111K, committed 9408K, reserved 1048576K
}
Event: 10.329 GC heap after
{Heap after GC invocations=14 (full 0):
 garbage-first heap   total 114688K, used 36442K [0x0000000403800000, 0x0000000800000000)
  region size 8192K, 1 young (8192K), 1 survivors (8192K)
 Metaspace       used 68412K, committed 68992K, reserved 1114112K
  class space    used 9111K, committed 9408K, reserved 1048576K
}
Event: 10.760 GC heap before
{Heap before GC invocations=14 (full 0):
 garbage-first heap   total 114688K, used 77402K [0x0000000403800000, 0x0000000800000000)
  region size 8192K, 6 young (49152K), 1 survivors (8192K)
 Metaspace       used 74705K, committed 75328K, reserved 1114112K
  class space    used 10065K, committed 10368K, reserved 1048576K
}
Event: 10.762 GC heap after
{Heap after GC invocations=15 (full 0):
 garbage-first heap   total 114688K, used 37891K [0x0000000403800000, 0x0000000800000000)
  region size 8192K, 1 young (8192K), 1 survivors (8192K)
 Metaspace       used 74705K, committed 75328K, reserved 1114112K
  class space    used 10065K, committed 10368K, reserved 1048576K
}
Event: 11.524 GC heap before
{Heap before GC invocations=15 (full 0):
 garbage-first heap   total 114688K, used 70659K [0x0000000403800000, 0x0000000800000000)
  region size 8192K, 5 young (40960K), 1 survivors (8192K)
 Metaspace       used 79965K, committed 80576K, reserved 1179648K
  class space    used 10785K, committed 11072K, reserved 1048576K
}
Event: 11.527 GC heap after
{Heap after GC invocations=16 (full 0):
 garbage-first heap   total 114688K, used 40317K [0x0000000403800000, 0x0000000800000000)
  region size 8192K, 1 young (8192K), 1 survivors (8192K)
 Metaspace       used 79965K, committed 80576K, reserved 1179648K
  class space    used 10785K, committed 11072K, reserved 1048576K
}
Event: 11.810 GC heap before
{Heap before GC invocations=16 (full 0):
 garbage-first heap   total 114688K, used 73085K [0x0000000403800000, 0x0000000800000000)
  region size 8192K, 5 young (40960K), 1 survivors (8192K)
 Metaspace       used 83058K, committed 83648K, reserved 1179648K
  class space    used 11443K, committed 11712K, reserved 1048576K
}
Event: 11.813 GC heap after
{Heap after GC invocations=17 (full 0):
 garbage-first heap   total 114688K, used 42839K [0x0000000403800000, 0x0000000800000000)
  region size 8192K, 1 young (8192K), 1 survivors (8192K)
 Metaspace       used 83058K, committed 83648K, reserved 1179648K
  class space    used 11443K, committed 11712K, reserved 1048576K
}
Event: 12.031 GC heap before
{Heap before GC invocations=17 (full 0):
 garbage-first heap   total 114688K, used 75607K [0x0000000403800000, 0x0000000800000000)
  region size 8192K, 5 young (40960K), 1 survivors (8192K)
 Metaspace       used 84502K, committed 85056K, reserved 1179648K
  class space    used 11619K, committed 11904K, reserved 1048576K
}
Event: 12.034 GC heap after
{Heap after GC invocations=18 (full 0):
 garbage-first heap   total 114688K, used 43599K [0x0000000403800000, 0x0000000800000000)
  region size 8192K, 1 young (8192K), 1 survivors (8192K)
 Metaspace       used 84502K, committed 85056K, reserved 1179648K
  class space    used 11619K, committed 11904K, reserved 1048576K
}
Event: 12.289 GC heap before
{Heap before GC invocations=18 (full 0):
 garbage-first heap   total 114688K, used 76367K [0x0000000403800000, 0x0000000800000000)
  region size 8192K, 5 young (40960K), 1 survivors (8192K)
 Metaspace       used 85107K, committed 85696K, reserved 1179648K
  class space    used 11695K, committed 11968K, reserved 1048576K
}
Event: 12.293 GC heap after
{Heap after GC invocations=19 (full 0):
 garbage-first heap   total 114688K, used 45971K [0x0000000403800000, 0x0000000800000000)
  region size 8192K, 1 young (8192K), 1 survivors (8192K)
 Metaspace       used 85107K, committed 85696K, reserved 1179648K
  class space    used 11695K, committed 11968K, reserved 1048576K
}
Event: 12.415 GC heap before
{Heap before GC invocations=19 (full 0):
 garbage-first heap   total 114688K, used 78739K [0x0000000403800000, 0x0000000800000000)
  region size 8192K, 5 young (40960K), 1 survivors (8192K)
 Metaspace       used 85132K, committed 85760K, reserved 1179648K
  class space    used 11698K, committed 11968K, reserved 1048576K
}
Event: 12.417 GC heap after
{Heap after GC invocations=20 (full 0):
 garbage-first heap   total 114688K, used 45125K [0x0000000403800000, 0x0000000800000000)
  region size 8192K, 1 young (8192K), 1 survivors (8192K)
 Metaspace       used 85132K, committed 85760K, reserved 1179648K
  class space    used 11698K, committed 11968K, reserved 1048576K
}
Event: 12.492 GC heap before
{Heap before GC invocations=20 (full 0):
 garbage-first heap   total 114688K, used 77893K [0x0000000403800000, 0x0000000800000000)
  region size 8192K, 5 young (40960K), 1 survivors (8192K)
 Metaspace       used 85133K, committed 85760K, reserved 1179648K
  class space    used 11698K, committed 11968K, reserved 1048576K
}
Event: 12.495 GC heap after
{Heap after GC invocations=21 (full 0):
 garbage-first heap   total 114688K, used 51088K [0x0000000403800000, 0x0000000800000000)
  region size 8192K, 1 young (8192K), 1 survivors (8192K)
 Metaspace       used 85133K, committed 85760K, reserved 1179648K
  class space    used 11698K, committed 11968K, reserved 1048576K
}
Event: 12.644 GC heap before
{Heap before GC invocations=21 (full 0):
 garbage-first heap   total 114688K, used 75664K [0x0000000403800000, 0x0000000800000000)
  region size 8192K, 4 young (32768K), 1 survivors (8192K)
 Metaspace       used 87373K, committed 88000K, reserved 1179648K
  class space    used 11813K, committed 12096K, reserved 1048576K
}
Event: 12.647 GC heap after
{Heap after GC invocations=22 (full 0):
 garbage-first heap   total 581632K, used 53166K [0x0000000403800000, 0x0000000800000000)
  region size 8192K, 1 young (8192K), 1 survivors (8192K)
 Metaspace       used 87373K, committed 88000K, reserved 1179648K
  class space    used 11813K, committed 12096K, reserved 1048576K
}
Event: 14.706 GC heap before
{Heap before GC invocations=22 (full 0):
 garbage-first heap   total 581632K, used 233390K [0x0000000403800000, 0x0000000800000000)
  region size 8192K, 24 young (196608K), 1 survivors (8192K)
 Metaspace       used 100044K, committed 100736K, reserved 1179648K
  class space    used 13577K, committed 13952K, reserved 1048576K
}
Event: 14.712 GC heap after
{Heap after GC invocations=23 (full 0):
 garbage-first heap   total 581632K, used 62048K [0x0000000403800000, 0x0000000800000000)
  region size 8192K, 2 young (16384K), 2 survivors (16384K)
 Metaspace       used 100044K, committed 100736K, reserved 1179648K
  class space    used 13577K, committed 13952K, reserved 1048576K
}

